<?xml version="1.0" encoding="UTF-8"?>
<!-- Generated by org.testng.reporters.JUnitXMLReporter -->
<testsuite hostname="Ibrahim" ignored="0" name="Default test" tests="3" failures="0" timestamp="2019-09-26T14:09:19 EET" time="18.103" errors="0">
  <testcase name="Open_Competitions_tab" time="4.286" classname="tests.TestWatchPage"/>
  <testcase name="flightDeals" time="3.66" classname="tests.TestWatchPage"/>
  <testcase name="flightDeals" time="4.55" classname="tests.TestWatchPage"/>
</testsuite> <!-- Default test -->
